[2022-05-31T17:39:32.032Z] [org.hibernate.validator.internal.util.Version] [background-preinit] [21] [INFO ]
				HV000001: Hibernate Validator 6.2.3.Final
[2022-05-31T17:39:32.032Z] [org.springframework.boot.StartupInfoLogger] [restartedMain] [55] [INFO ]
				Starting InterviewTrackingSystemApplication using Java 17.0.2 on inlen8520018530 with PID 13920 (C:\Users\DTANGELL\Downloads\InterviewTrackingSystem\target\classes started by dtangell in C:\Users\DTANGELL\Downloads\InterviewTrackingSystem)
[2022-05-31T17:39:32.032Z] [org.springframework.boot.SpringApplication] [restartedMain] [634] [INFO ]
				No active profile set, falling back to 1 default profile: "default"
[2022-05-31T17:39:32.032Z] [org.springframework.boot.logging.DeferredLog] [restartedMain] [255] [INFO ]
				Devtools property defaults active! Set 'spring.devtools.add-properties' to 'false' to disable
[2022-05-31T17:39:32.032Z] [org.springframework.boot.logging.DeferredLog] [restartedMain] [255] [INFO ]
				For additional web related logging consider setting the 'logging.level.web' property to 'DEBUG'
[2022-05-31T17:39:32.032Z] [org.springframework.data.repository.config.RepositoryConfigurationDelegate] [restartedMain] [132] [INFO ]
				Bootstrapping Spring Data JPA repositories in DEFAULT mode.
[2022-05-31T17:39:32.032Z] [org.springframework.data.repository.config.RepositoryConfigurationDelegate] [restartedMain] [201] [INFO ]
				Finished Spring Data repository scanning in 77 ms. Found 5 JPA repository interfaces.
[2022-05-31T17:39:33.033Z] [org.springframework.boot.web.embedded.tomcat.TomcatWebServer] [restartedMain] [108] [INFO ]
				Tomcat initialized with port(s): 11116 (http)
[2022-05-31T17:39:33.033Z] [org.apache.juli.logging.DirectJDKLog] [restartedMain] [173] [INFO ]
				Initializing ProtocolHandler ["http-nio-11116"]
[2022-05-31T17:39:33.033Z] [org.apache.juli.logging.DirectJDKLog] [restartedMain] [173] [INFO ]
				Starting service [Tomcat]
[2022-05-31T17:39:33.033Z] [org.apache.juli.logging.DirectJDKLog] [restartedMain] [173] [INFO ]
				Starting Servlet engine: [Apache Tomcat/9.0.63]
[2022-05-31T17:39:33.033Z] [org.apache.juli.logging.DirectJDKLog] [restartedMain] [173] [INFO ]
				Initializing Spring embedded WebApplicationContext
[2022-05-31T17:39:33.033Z] [org.springframework.boot.web.servlet.context.ServletWebServerApplicationContext] [restartedMain] [292] [INFO ]
				Root WebApplicationContext: initialization completed in 1667 ms
[2022-05-31T17:39:33.033Z] [org.hibernate.jpa.internal.util.LogHelper] [restartedMain] [31] [INFO ]
				HHH000204: Processing PersistenceUnitInfo [name: default]
[2022-05-31T17:39:34.034Z] [org.hibernate.Version] [restartedMain] [44] [INFO ]
				HHH000412: Hibernate ORM core version 5.6.9.Final
[2022-05-31T17:39:34.034Z] [org.hibernate.annotations.common.reflection.java.JavaReflectionManager] [restartedMain] [56] [INFO ]
				HCANN000001: Hibernate Commons Annotations {5.1.2.Final}
[2022-05-31T17:39:34.034Z] [com.zaxxer.hikari.HikariDataSource] [restartedMain] [110] [INFO ]
				HikariPool-1 - Starting...
[2022-05-31T17:39:34.034Z] [com.zaxxer.hikari.HikariDataSource] [restartedMain] [123] [INFO ]
				HikariPool-1 - Start completed.
[2022-05-31T17:39:34.034Z] [org.hibernate.dialect.Dialect] [restartedMain] [175] [INFO ]
				HHH000400: Using dialect: org.hibernate.dialect.PostgreSQLDialect
[2022-05-31T17:39:35.035Z] [org.hibernate.engine.transaction.jta.platform.internal.JtaPlatformInitiator] [restartedMain] [52] [INFO ]
				HHH000490: Using JtaPlatform implementation: [org.hibernate.engine.transaction.jta.platform.internal.NoJtaPlatform]
[2022-05-31T17:39:35.035Z] [org.springframework.orm.jpa.AbstractEntityManagerFactoryBean] [restartedMain] [437] [INFO ]
				Initialized JPA EntityManagerFactory for persistence unit 'default'
[2022-05-31T17:39:36.036Z] [org.springframework.boot.autoconfigure.orm.jpa.JpaBaseConfiguration$JpaWebConfiguration] [restartedMain] [219] [WARN ]
				spring.jpa.open-in-view is enabled by default. Therefore, database queries may be performed during view rendering. Explicitly configure spring.jpa.open-in-view to disable this warning
[2022-05-31T17:39:36.036Z] [org.springframework.boot.devtools.autoconfigure.OptionalLiveReloadServer] [restartedMain] [58] [INFO ]
				LiveReload server is running on port 35729
[2022-05-31T17:39:36.036Z] [org.apache.juli.logging.DirectJDKLog] [restartedMain] [173] [INFO ]
				Starting ProtocolHandler ["http-nio-11116"]
[2022-05-31T17:39:36.036Z] [org.springframework.boot.web.embedded.tomcat.TomcatWebServer] [restartedMain] [220] [INFO ]
				Tomcat started on port(s): 11116 (http) with context path ''
[2022-05-31T17:39:36.036Z] [org.springframework.boot.StartupInfoLogger] [restartedMain] [61] [INFO ]
				Started InterviewTrackingSystemApplication in 4.882 seconds (JVM running for 5.909)
[2022-05-31T17:40:08.008Z] [org.springframework.boot.admin.SpringApplicationAdminMXBeanRegistrar$SpringApplicationAdmin] [RMI TCP Connection(4)-127.0.0.1] [159] [INFO ]
				Application shutdown requested.
[2022-05-31T17:40:08.008Z] [org.springframework.orm.jpa.AbstractEntityManagerFactoryBean] [RMI TCP Connection(4)-127.0.0.1] [651] [INFO ]
				Closing JPA EntityManagerFactory for persistence unit 'default'
[2022-05-31T17:40:08.008Z] [com.zaxxer.hikari.HikariDataSource] [RMI TCP Connection(4)-127.0.0.1] [350] [INFO ]
				HikariPool-1 - Shutdown initiated...
[2022-05-31T17:40:08.008Z] [com.zaxxer.hikari.HikariDataSource] [RMI TCP Connection(4)-127.0.0.1] [352] [INFO ]
				HikariPool-1 - Shutdown completed.
[2022-05-31T17:40:17.017Z] [org.hibernate.validator.internal.util.Version] [background-preinit] [21] [INFO ]
				HV000001: Hibernate Validator 6.2.3.Final
[2022-05-31T17:40:17.017Z] [org.springframework.boot.StartupInfoLogger] [restartedMain] [55] [INFO ]
				Starting InterviewTrackingSystemApplication using Java 17.0.2 on inlen8520018530 with PID 6404 (C:\Users\DTANGELL\Downloads\InterviewTrackingSystem\target\classes started by dtangell in C:\Users\DTANGELL\Downloads\InterviewTrackingSystem)
[2022-05-31T17:40:17.017Z] [org.springframework.boot.SpringApplication] [restartedMain] [634] [INFO ]
				No active profile set, falling back to 1 default profile: "default"
[2022-05-31T17:40:17.017Z] [org.springframework.boot.logging.DeferredLog] [restartedMain] [255] [INFO ]
				Devtools property defaults active! Set 'spring.devtools.add-properties' to 'false' to disable
[2022-05-31T17:40:17.017Z] [org.springframework.boot.logging.DeferredLog] [restartedMain] [255] [INFO ]
				For additional web related logging consider setting the 'logging.level.web' property to 'DEBUG'
[2022-05-31T17:40:18.018Z] [org.springframework.data.repository.config.RepositoryConfigurationDelegate] [restartedMain] [132] [INFO ]
				Bootstrapping Spring Data JPA repositories in DEFAULT mode.
[2022-05-31T17:40:18.018Z] [org.springframework.data.repository.config.RepositoryConfigurationDelegate] [restartedMain] [201] [INFO ]
				Finished Spring Data repository scanning in 79 ms. Found 5 JPA repository interfaces.
[2022-05-31T17:40:18.018Z] [org.springframework.boot.web.embedded.tomcat.TomcatWebServer] [restartedMain] [108] [INFO ]
				Tomcat initialized with port(s): 11116 (http)
[2022-05-31T17:40:18.018Z] [org.apache.juli.logging.DirectJDKLog] [restartedMain] [173] [INFO ]
				Initializing ProtocolHandler ["http-nio-11116"]
[2022-05-31T17:40:18.018Z] [org.apache.juli.logging.DirectJDKLog] [restartedMain] [173] [INFO ]
				Starting service [Tomcat]
[2022-05-31T17:40:18.018Z] [org.apache.juli.logging.DirectJDKLog] [restartedMain] [173] [INFO ]
				Starting Servlet engine: [Apache Tomcat/9.0.63]
[2022-05-31T17:40:18.018Z] [org.apache.juli.logging.DirectJDKLog] [restartedMain] [173] [INFO ]
				Initializing Spring embedded WebApplicationContext
[2022-05-31T17:40:18.018Z] [org.springframework.boot.web.servlet.context.ServletWebServerApplicationContext] [restartedMain] [292] [INFO ]
				Root WebApplicationContext: initialization completed in 1604 ms
[2022-05-31T17:40:19.019Z] [org.hibernate.jpa.internal.util.LogHelper] [restartedMain] [31] [INFO ]
				HHH000204: Processing PersistenceUnitInfo [name: default]
[2022-05-31T17:40:19.019Z] [org.hibernate.Version] [restartedMain] [44] [INFO ]
				HHH000412: Hibernate ORM core version 5.6.9.Final
[2022-05-31T17:40:19.019Z] [org.hibernate.annotations.common.reflection.java.JavaReflectionManager] [restartedMain] [56] [INFO ]
				HCANN000001: Hibernate Commons Annotations {5.1.2.Final}
[2022-05-31T17:40:19.019Z] [com.zaxxer.hikari.HikariDataSource] [restartedMain] [110] [INFO ]
				HikariPool-1 - Starting...
[2022-05-31T17:40:19.019Z] [com.zaxxer.hikari.HikariDataSource] [restartedMain] [123] [INFO ]
				HikariPool-1 - Start completed.
[2022-05-31T17:40:19.019Z] [org.hibernate.dialect.Dialect] [restartedMain] [175] [INFO ]
				HHH000400: Using dialect: org.hibernate.dialect.PostgreSQLDialect
[2022-05-31T17:40:20.020Z] [org.hibernate.engine.transaction.jta.platform.internal.JtaPlatformInitiator] [restartedMain] [52] [INFO ]
				HHH000490: Using JtaPlatform implementation: [org.hibernate.engine.transaction.jta.platform.internal.NoJtaPlatform]
[2022-05-31T17:40:20.020Z] [org.springframework.orm.jpa.AbstractEntityManagerFactoryBean] [restartedMain] [437] [INFO ]
				Initialized JPA EntityManagerFactory for persistence unit 'default'
[2022-05-31T17:40:21.021Z] [org.springframework.boot.autoconfigure.orm.jpa.JpaBaseConfiguration$JpaWebConfiguration] [restartedMain] [219] [WARN ]
				spring.jpa.open-in-view is enabled by default. Therefore, database queries may be performed during view rendering. Explicitly configure spring.jpa.open-in-view to disable this warning
[2022-05-31T17:40:21.021Z] [org.springframework.boot.devtools.autoconfigure.OptionalLiveReloadServer] [restartedMain] [58] [INFO ]
				LiveReload server is running on port 35729
[2022-05-31T17:40:21.021Z] [org.apache.juli.logging.DirectJDKLog] [restartedMain] [173] [INFO ]
				Starting ProtocolHandler ["http-nio-11116"]
[2022-05-31T17:40:21.021Z] [org.springframework.boot.web.embedded.tomcat.TomcatWebServer] [restartedMain] [220] [INFO ]
				Tomcat started on port(s): 11116 (http) with context path ''
[2022-05-31T17:40:21.021Z] [org.springframework.boot.StartupInfoLogger] [restartedMain] [61] [INFO ]
				Started InterviewTrackingSystemApplication in 4.857 seconds (JVM running for 5.956)
[2022-05-31T19:11:51.051Z] [org.springframework.boot.admin.SpringApplicationAdminMXBeanRegistrar$SpringApplicationAdmin] [RMI TCP Connection(95)-127.0.0.1] [159] [INFO ]
				Application shutdown requested.
[2022-05-31T19:11:51.051Z] [org.springframework.orm.jpa.AbstractEntityManagerFactoryBean] [RMI TCP Connection(95)-127.0.0.1] [651] [INFO ]
				Closing JPA EntityManagerFactory for persistence unit 'default'
[2022-05-31T19:11:51.051Z] [com.zaxxer.hikari.HikariDataSource] [RMI TCP Connection(95)-127.0.0.1] [350] [INFO ]
				HikariPool-1 - Shutdown initiated...
[2022-05-31T19:11:51.051Z] [com.zaxxer.hikari.HikariDataSource] [RMI TCP Connection(95)-127.0.0.1] [352] [INFO ]
				HikariPool-1 - Shutdown completed.
